



This is EPOS!

Setting up this machine as follows: 
  Mode:         library
  Processor:    1 x RV64 at 1000 MHz (BUS clock = 33 MHz)
  Machine:      SiFive-U
  Memory:       131072 KB [0x0000000080000000:0x0000000087ffffff]
  User memory:  131008 KB [0x0000000080000000:0x0000000087ff0000]
  I/O space:    524288 KB [0x0000000000000000:0x000000001fffffff]
  Node Id:      will get from the network!
  Position:     will get from the network!

Periodic Thread Component Test

This test consists in creating three periodic threads as follows:
- Every 4ms, thread A execs "a", waits for 50ms and then execs another "a";
- Every 5ms, thread B execs "b", waits for 50ms and then execs another "b";
- Every 6ms, thread C execs "c", waits for 50ms and then execs another "c";
- Every 11ms, thread D execs "d", waits for 50ms and then execs another "d";
Threads will now be created and I'll wait for them to finish...

0	M	[p(A)=4000, p(B)=5000, p(C)=6000]
0	A	[p(A)=4000, p(B)=5000, p(C)=6000]
0	a	[p(A)=4000, p(B)=5000, p(C)=6000]
0	a	[p(A)=4000, p(B)=5000, p(C)=6000, p(D)=11000]
1	a	[p(A)=4000, p(B)=5000, p(C)=6000, p(D)=11000]
2	a	[p(A)=4000, p(B)=5000, p(C)=6000, p(D)=11000]
3	a	[p(A)=4000, p(B)=5000, p(C)=6000, p(D)=11000]
4	a	[p(A)=4000, p(B)=5000, p(C)=6000, p(D)=11000]
5	a	[p(A)=4000, p(B)=5000, p(C)=6000, p(D)=11000]
6	a	[p(A)=4000, p(B)=5000, p(C)=6000, p(D)=11000]
7	a	[p(A)=4000, p(B)=5000, p(C)=6000, p(D)=11000]
8	a	[p(A)=4000, p(B)=5000, p(C)=6000, p(D)=11000]
9	a	[p(A)=4000, p(B)=5000, p(C)=6000, p(D)=11000]
10	a	[p(A)=4000, p(B)=5000, p(C)=6000, p(D)=11000]
11	a	[p(A)=4000, p(B)=5000, p(C)=6000, p(D)=11000]
12	a	[p(A)=4000, p(B)=5000, p(C)=6000, p(D)=11000]
13	a	[p(A)=4000, p(B)=5000, p(C)=6000, p(D)=11000]
14	a	[p(A)=4000, p(B)=5000, p(C)=6000, p(D)=11000]
15	a	[p(A)=4000, p(B)=5000, p(C)=6000, p(D)=11000]
16	a	[p(A)=4000, p(B)=5000, p(C)=6000, p(D)=11000]
17	a	[p(A)=4000, p(B)=5000, p(C)=6000, p(D)=11000]
18	a	[p(A)=4000, p(B)=5000, p(C)=6000, p(D)=11000]
19	a	[p(A)=4000, p(B)=5000, p(C)=6000, p(D)=11000]
20	a	[p(A)=4000, p(B)=5000, p(C)=6000, p(D)=11000]
21	a	[p(A)=4000, p(B)=5000, p(C)=6000, p(D)=11000]
22	a	[p(A)=4000, p(B)=5000, p(C)=6000, p(D)=11000]
23	a	[p(A)=4000, p(B)=5000, p(C)=6000, p(D)=11000]
24	a	[p(A)=4000, p(B)=5000, p(C)=6000, p(D)=11000]
25	a	[p(A)=4000, p(B)=5000, p(C)=6000, p(D)=11000]
26	a	[p(A)=4000, p(B)=5000, p(C)=6000, p(D)=11000]
27	a	[p(A)=4000, p(B)=5000, p(C)=6000, p(D)=11000]
28	a	[p(A)=4000, p(B)=5000, p(C)=6000, p(D)=11000]
29	a	[p(A)=4000, p(B)=5000, p(C)=6000, p(D)=11000]
30	a	[p(A)=4000, p(B)=5000, p(C)=6000, p(D)=11000]
31	a	[p(A)=4000, p(B)=5000, p(C)=6000, p(D)=11000]
32	a	[p(A)=4000, p(B)=5000, p(C)=6000, p(D)=11000]
33	a	[p(A)=4000, p(B)=5000, p(C)=6000, p(D)=11000]
34	a	[p(A)=4000, p(B)=5000, p(C)=6000, p(D)=11000]
35	a	[p(A)=4000, p(B)=5000, p(C)=6000, p(D)=11000]
36	a	[p(A)=4000, p(B)=5000, p(C)=6000, p(D)=11000]
37	a	[p(A)=4000, p(B)=5000, p(C)=6000, p(D)=11000]
38	a	[p(A)=4000, p(B)=5000, p(C)=6000, p(D)=11000]
39	a	[p(A)=4000, p(B)=5000, p(C)=6000, p(D)=11000]
40	a	[p(A)=4000, p(B)=5000, p(C)=6000, p(D)=11000]
41	a	[p(A)=4000, p(B)=5000, p(C)=6000, p(D)=11000]
42	a	[p(A)=4000, p(B)=5000, p(C)=6000, p(D)=11000]
43	a	[p(A)=4000, p(B)=5000, p(C)=6000, p(D)=11000]
44	a	[p(A)=4000, p(B)=5000, p(C)=6000, p(D)=11000]
45	a	[p(A)=4000, p(B)=5000, p(C)=6000, p(D)=11000]
46	a	[p(A)=4000, p(B)=5000, p(C)=6000, p(D)=11000]
47	a	[p(A)=4000, p(B)=5000, p(C)=6000, p(D)=11000]
48	a	[p(A)=4000, p(B)=5000, p(C)=6000, p(D)=11000]
49	a	[p(A)=4000, p(B)=5000, p(C)=6000, p(D)=11000]
50	A	[p(A)=4000, p(B)=5000, p(C)=6000]
50	B	[p(A)=4000, p(B)=5000, p(C)=6000]
50	b	[p(A)=4000, p(B)=5000, p(C)=6000]
50	b	[p(A)=4000, p(B)=5000, p(C)=6000, p(D)=11000]
51	b	[p(A)=4000, p(B)=5000, p(C)=6000, p(D)=11000]
52	b	[p(A)=4000, p(B)=5000, p(C)=6000, p(D)=11000]
53	b	[p(A)=4000, p(B)=5000, p(C)=6000, p(D)=11000]
54	b	[p(A)=4000, p(B)=5000, p(C)=6000, p(D)=11000]
55	b	[p(A)=4000, p(B)=5000, p(C)=6000, p(D)=11000]
56	b	[p(A)=4000, p(B)=5000, p(C)=6000, p(D)=11000]
57	b	[p(A)=4000, p(B)=5000, p(C)=6000, p(D)=11000]
58	b	[p(A)=4000, p(B)=5000, p(C)=6000, p(D)=11000]
59	b	[p(A)=4000, p(B)=5000, p(C)=6000, p(D)=11000]
60	b	[p(A)=4000, p(B)=5000, p(C)=6000, p(D)=11000]
61	b	[p(A)=4000, p(B)=5000, p(C)=6000, p(D)=11000]
62	b	[p(A)=4000, p(B)=5000, p(C)=6000, p(D)=11000]
63	b	[p(A)=4000, p(B)=5000, p(C)=6000, p(D)=11000]
64	b	[p(A)=4000, p(B)=5000, p(C)=6000, p(D)=11000]
65	b	[p(A)=4000, p(B)=5000, p(C)=6000, p(D)=11000]
66	b	[p(A)=4000, p(B)=5000, p(C)=6000, p(D)=11000]
67	b	[p(A)=4000, p(B)=5000, p(C)=6000, p(D)=11000]
68	b	[p(A)=4000, p(B)=5000, p(C)=6000, p(D)=11000]
69	b	[p(A)=4000, p(B)=5000, p(C)=6000, p(D)=11000]
70	b	[p(A)=4000, p(B)=5000, p(C)=6000, p(D)=11000]
71	b	[p(A)=4000, p(B)=5000, p(C)=6000, p(D)=11000]
72	b	[p(A)=4000, p(B)=5000, p(C)=6000, p(D)=11000]
73	b	[p(A)=4000, p(B)=5000, p(C)=6000, p(D)=11000]
74	b	[p(A)=4000, p(B)=5000, p(C)=6000, p(D)=11000]
75	b	[p(A)=4000, p(B)=5000, p(C)=6000, p(D)=11000]
76	b	[p(A)=4000, p(B)=5000, p(C)=6000, p(D)=11000]
77	b	[p(A)=4000, p(B)=5000, p(C)=6000, p(D)=11000]
78	b	[p(A)=4000, p(B)=5000, p(C)=6000, p(D)=11000]
79	b	[p(A)=4000, p(B)=5000, p(C)=6000, p(D)=11000]
80	b	[p(A)=4000, p(B)=5000, p(C)=6000, p(D)=11000]
81	b	[p(A)=4000, p(B)=5000, p(C)=6000, p(D)=11000]
82	b	[p(A)=4000, p(B)=5000, p(C)=6000, p(D)=11000]
83	b	[p(A)=4000, p(B)=5000, p(C)=6000, p(D)=11000]
84	b	[p(A)=4000, p(B)=5000, p(C)=6000, p(D)=11000]
85	b	[p(A)=4000, p(B)=5000, p(C)=6000, p(D)=11000]
86	b	[p(A)=4000, p(B)=5000, p(C)=6000, p(D)=11000]
87	b	[p(A)=4000, p(B)=5000, p(C)=6000, p(D)=11000]
88	b	[p(A)=4000, p(B)=5000, p(C)=6000, p(D)=11000]
89	b	[p(A)=4000, p(B)=5000, p(C)=6000, p(D)=11000]
90	b	[p(A)=4000, p(B)=5000, p(C)=6000, p(D)=11000]
91	b	[p(A)=4000, p(B)=5000, p(C)=6000, p(D)=11000]
92	b	[p(A)=4000, p(B)=5000, p(C)=6000, p(D)=11000]
93	b	[p(A)=4000, p(B)=5000, p(C)=6000, p(D)=11000]
94	b	[p(A)=4000, p(B)=5000, p(C)=6000, p(D)=11000]
95	b	[p(A)=4000, p(B)=5000, p(C)=6000, p(D)=11000]
96	b	[p(A)=4000, p(B)=5000, p(C)=6000, p(D)=11000]
97	b	[p(A)=4000, p(B)=5000, p(C)=6000, p(D)=11000]
98	b	[p(A)=4000, p(B)=5000, p(C)=6000, p(D)=11000]
99	b	[p(A)=4000, p(B)=5000, p(C)=6000, p(D)=11000]
100	B	[p(A)=4000, p(B)=5000, p(C)=6000]
100	C	[p(A)=4000, p(B)=5000, p(C)=6000]
100	c	[p(A)=4000, p(B)=5000, p(C)=6000]
100	c	[p(A)=4000, p(B)=5000, p(C)=6000, p(D)=11000]
101	c	[p(A)=4000, p(B)=5000, p(C)=6000, p(D)=11000]
102	c	[p(A)=4000, p(B)=5000, p(C)=6000, p(D)=11000]
103	c	[p(A)=4000, p(B)=5000, p(C)=6000, p(D)=11000]
104	c	[p(A)=4000, p(B)=5000, p(C)=6000, p(D)=11000]
105	c	[p(A)=4000, p(B)=5000, p(C)=6000, p(D)=11000]
106	c	[p(A)=4000, p(B)=5000, p(C)=6000, p(D)=11000]
107	c	[p(A)=4000, p(B)=5000, p(C)=6000, p(D)=11000]
108	c	[p(A)=4000, p(B)=5000, p(C)=6000, p(D)=11000]
109	c	[p(A)=4000, p(B)=5000, p(C)=6000, p(D)=11000]
110	c	[p(A)=4000, p(B)=5000, p(C)=6000, p(D)=11000]
111	c	[p(A)=4000, p(B)=5000, p(C)=6000, p(D)=11000]
112	c	[p(A)=4000, p(B)=5000, p(C)=6000, p(D)=11000]
113	c	[p(A)=4000, p(B)=5000, p(C)=6000, p(D)=11000]
114	c	[p(A)=4000, p(B)=5000, p(C)=6000, p(D)=11000]
115	c	[p(A)=4000, p(B)=5000, p(C)=6000, p(D)=11000]
116	c	[p(A)=4000, p(B)=5000, p(C)=6000, p(D)=11000]
117	c	[p(A)=4000, p(B)=5000, p(C)=6000, p(D)=11000]
118	c	[p(A)=4000, p(B)=5000, p(C)=6000, p(D)=11000]
119	c	[p(A)=4000, p(B)=5000, p(C)=6000, p(D)=11000]
120	c	[p(A)=4000, p(B)=5000, p(C)=6000, p(D)=11000]
121	c	[p(A)=4000, p(B)=5000, p(C)=6000, p(D)=11000]
122	c	[p(A)=4000, p(B)=5000, p(C)=6000, p(D)=11000]
123	c	[p(A)=4000, p(B)=5000, p(C)=6000, p(D)=11000]
124	c	[p(A)=4000, p(B)=5000, p(C)=6000, p(D)=11000]
125	c	[p(A)=4000, p(B)=5000, p(C)=6000, p(D)=11000]
126	c	[p(A)=4000, p(B)=5000, p(C)=6000, p(D)=11000]
127	c	[p(A)=4000, p(B)=5000, p(C)=6000, p(D)=11000]
128	c	[p(A)=4000, p(B)=5000, p(C)=6000, p(D)=11000]
129	c	[p(A)=4000, p(B)=5000, p(C)=6000, p(D)=11000]
130	c	[p(A)=4000, p(B)=5000, p(C)=6000, p(D)=11000]
131	c	[p(A)=4000, p(B)=5000, p(C)=6000, p(D)=11000]
132	c	[p(A)=4000, p(B)=5000, p(C)=6000, p(D)=11000]
133	c	[p(A)=4000, p(B)=5000, p(C)=6000, p(D)=11000]
134	c	[p(A)=4000, p(B)=5000, p(C)=6000, p(D)=11000]
135	c	[p(A)=4000, p(B)=5000, p(C)=6000, p(D)=11000]
136	c	[p(A)=4000, p(B)=5000, p(C)=6000, p(D)=11000]
137	c	[p(A)=4000, p(B)=5000, p(C)=6000, p(D)=11000]
138	c	[p(A)=4000, p(B)=5000, p(C)=6000, p(D)=11000]
139	c	[p(A)=4000, p(B)=5000, p(C)=6000, p(D)=11000]
140	c	[p(A)=4000, p(B)=5000, p(C)=6000, p(D)=11000]
141	c	[p(A)=4000, p(B)=5000, p(C)=6000, p(D)=11000]
142	c	[p(A)=4000, p(B)=5000, p(C)=6000, p(D)=11000]
143	c	[p(A)=4000, p(B)=5000, p(C)=6000, p(D)=11000]
144	c	[p(A)=4000, p(B)=5000, p(C)=6000, p(D)=11000]
145	c	[p(A)=4000, p(B)=5000, p(C)=6000, p(D)=11000]
146	c	[p(A)=4000, p(B)=5000, p(C)=6000, p(D)=11000]
147	c	[p(A)=4000, p(B)=5000, p(C)=6000, p(D)=11000]
148	c	[p(A)=4000, p(B)=5000, p(C)=6000, p(D)=11000]
149	c	[p(A)=4000, p(B)=5000, p(C)=6000, p(D)=11000]
150	C	[p(A)=4000, p(B)=5000, p(C)=6000]
150	D	[p(A)=4000, p(B)=5000, p(C)=6000]
150	d	[p(A)=4000, p(B)=5000, p(C)=6000]
150	d	[p(A)=4000, p(B)=5000, p(C)=6000, p(D)=11000]
151	d	[p(A)=4000, p(B)=5000, p(C)=6000, p(D)=11000]
152	d	[p(A)=4000, p(B)=5000, p(C)=6000, p(D)=11000]
153	d	[p(A)=4000, p(B)=5000, p(C)=6000, p(D)=11000]
154	d	[p(A)=4000, p(B)=5000, p(C)=6000, p(D)=11000]
155	d	[p(A)=4000, p(B)=5000, p(C)=6000, p(D)=11000]
156	d	[p(A)=4000, p(B)=5000, p(C)=6000, p(D)=11000]
157	d	[p(A)=4000, p(B)=5000, p(C)=6000, p(D)=11000]
158	d	[p(A)=4000, p(B)=5000, p(C)=6000, p(D)=11000]
159	d	[p(A)=4000, p(B)=5000, p(C)=6000, p(D)=11000]
160	d	[p(A)=4000, p(B)=5000, p(C)=6000, p(D)=11000]
161	d	[p(A)=4000, p(B)=5000, p(C)=6000, p(D)=11000]
162	d	[p(A)=4000, p(B)=5000, p(C)=6000, p(D)=11000]
163	d	[p(A)=4000, p(B)=5000, p(C)=6000, p(D)=11000]
164	d	[p(A)=4000, p(B)=5000, p(C)=6000, p(D)=11000]
165	d	[p(A)=4000, p(B)=5000, p(C)=6000, p(D)=11000]
166	d	[p(A)=4000, p(B)=5000, p(C)=6000, p(D)=11000]
167	d	[p(A)=4000, p(B)=5000, p(C)=6000, p(D)=11000]
168	d	[p(A)=4000, p(B)=5000, p(C)=6000, p(D)=11000]
169	d	[p(A)=4000, p(B)=5000, p(C)=6000, p(D)=11000]
170	d	[p(A)=4000, p(B)=5000, p(C)=6000, p(D)=11000]
171	d	[p(A)=4000, p(B)=5000, p(C)=6000, p(D)=11000]
172	d	[p(A)=4000, p(B)=5000, p(C)=6000, p(D)=11000]
173	d	[p(A)=4000, p(B)=5000, p(C)=6000, p(D)=11000]
174	d	[p(A)=4000, p(B)=5000, p(C)=6000, p(D)=11000]
175	d	[p(A)=4000, p(B)=5000, p(C)=6000, p(D)=11000]
176	d	[p(A)=4000, p(B)=5000, p(C)=6000, p(D)=11000]
177	d	[p(A)=4000, p(B)=5000, p(C)=6000, p(D)=11000]
178	d	[p(A)=4000, p(B)=5000, p(C)=6000, p(D)=11000]
179	d	[p(A)=4000, p(B)=5000, p(C)=6000, p(D)=11000]
180	d	[p(A)=4000, p(B)=5000, p(C)=6000, p(D)=11000]
181	d	[p(A)=4000, p(B)=5000, p(C)=6000, p(D)=11000]
182	d	[p(A)=4000, p(B)=5000, p(C)=6000, p(D)=11000]
183	d	[p(A)=4000, p(B)=5000, p(C)=6000, p(D)=11000]
184	d	[p(A)=4000, p(B)=5000, p(C)=6000, p(D)=11000]
185	d	[p(A)=4000, p(B)=5000, p(C)=6000, p(D)=11000]
186	d	[p(A)=4000, p(B)=5000, p(C)=6000, p(D)=11000]
187	d	[p(A)=4000, p(B)=5000, p(C)=6000, p(D)=11000]
188	d	[p(A)=4000, p(B)=5000, p(C)=6000, p(D)=11000]
189	d	[p(A)=4000, p(B)=5000, p(C)=6000, p(D)=11000]
190	d	[p(A)=4000, p(B)=5000, p(C)=6000, p(D)=11000]
191	d	[p(A)=4000, p(B)=5000, p(C)=6000, p(D)=11000]
192	d	[p(A)=4000, p(B)=5000, p(C)=6000, p(D)=11000]
193	d	[p(A)=4000, p(B)=5000, p(C)=6000, p(D)=11000]
194	d	[p(A)=4000, p(B)=5000, p(C)=6000, p(D)=11000]
195	d	[p(A)=4000, p(B)=5000, p(C)=6000, p(D)=11000]
196	d	[p(A)=4000, p(B)=5000, p(C)=6000, p(D)=11000]
197	d	[p(A)=4000, p(B)=5000, p(C)=6000, p(D)=11000]
198	d	[p(A)=4000, p(B)=5000, p(C)=6000, p(D)=11000]
199	d	[p(A)=4000, p(B)=5000, p(C)=6000, p(D)=11000]
200	D	[p(A)=4000, p(B)=5000, p(C)=6000]
200	M	[p(A)=4000, p(B)=5000, p(C)=6000]
... done!


Thread A exited with status "A", thread B exited with status "B", thread C exite
d with status "C" and thread D exited with status "D.

The estimated time to run the test was 6 ms. The measured time was 200 ms!
I'm also done, bye!
The last thread has exited!
Rebooting the machine ...
Machine::reboot()
